This is XeTeX, Version 3.14159265-2.6-0.99998 (TeX Live 2017) (preloaded format=xelatex 2017.12.3)  30 JUN 2019 01:16
entering extended mode
 restricted \write18 enabled.
 file:line:error style messages enabled.
 %&-line parsing enabled.
**"/Users/xin/Library/Mobile Documents/com~apple~CloudDocs/Affairs/2019 : 04 : 08 简历/Curriculum-Vitae/Curriculum-Vitae"

! Emergency stop.
<to be read again> 
                   \protect 
<*> "/Users/xin/Library/Mobile Documents/com~
                                             apple~CloudDocs/Affairs/2019 : ...
*** (job aborted, file error in nonstop mode)

 
Here is how much of TeX's memory you used:
 3 strings out of 493005
 49 string characters out of 6134596
 61634 words of memory out of 5000000
 4077 multiletter control sequences out of 15000+600000
 3640 words of font info for 14 fonts, out of 8000000 for 9000
 1348 hyphenation exceptions out of 8191
 3i,0n,0p,1b,6s stack positions out of 5000i,500n,10000p,200000b,80000s
No pages of output.
